# JRE version: Java(TM) SE Runtime Environment (8.0_121-b13) (build 1.8.0_121-b13)
# Java VM: Java HotSpot(TM) 64-Bit Server VM (25.121-b13 mixed mode windows-amd64 compressed oops)
Heap:
 PSYoungGen      total 131072K, used 6089K [0x00000000eb100000, 0x00000000f3300000, 0x0000000100000000)
  eden space 130560K, 4% used [0x00000000eb100000,0x00000000eb672720,0x00000000f3080000)
  from space 512K, 100% used [0x00000000f3180000,0x00000000f3200000,0x00000000f3200000)
  to   space 1024K, 0% used [0x00000000f3080000,0x00000000f3080000,0x00000000f3180000)
 ParOldGen       total 44032K, used 206K [0x00000000c1200000, 0x00000000c3d00000, 0x00000000eb100000)
  object space 44032K, 0% used [0x00000000c1200000,0x00000000c1233bf0,0x00000000c3d00000)
 Metaspace       used 5036K, capacity 5208K, committed 5248K, reserved 1056768K
  class space    used 567K, capacity 634K, committed 640K, reserved 1048576K
GC Heap History (10 events):
Event: 0.240 GC heap before
{Heap before GC invocations=2 (full 0):
 PSYoungGen      total 18944K, used 16816K [0x00000000eb100000, 0x00000000ed600000, 0x0000000100000000)
  eden space 16384K, 100% used [0x00000000eb100000,0x00000000ec100000,0x00000000ec100000)
  from space 2560K, 16% used [0x00000000ec100000,0x00000000ec16c010,0x00000000ec380000)
  to   space 2560K, 0% used [0x00000000ed380000,0x00000000ed380000,0x00000000ed600000)
 ParOldGen       total 44032K, used 0K [0x00000000c1200000, 0x00000000c3d00000, 0x00000000eb100000)
  object space 44032K, 0% used [0x00000000c1200000,0x00000000c1200000,0x00000000c3d00000)
 Metaspace       used 2611K, capacity 4562K, committed 4864K, reserved 1056768K
  class space    used 286K, capacity 386K, committed 512K, reserved 1048576K
Event: 0.240 GC heap after
Heap after GC invocations=2 (full 0):
 PSYoungGen      total 35328K, used 448K [0x00000000eb100000, 0x00000000ed600000, 0x0000000100000000)
  eden space 32768K, 0% used [0x00000000eb100000,0x00000000eb100000,0x00000000ed100000)
  from space 2560K, 17% used [0x00000000ed380000,0x00000000ed3f0000,0x00000000ed600000)
  to   space 2560K, 0% used [0x00000000ed100000,0x00000000ed100000,0x00000000ed380000)
 ParOldGen       total 44032K, used 8K [0x00000000c1200000, 0x00000000c3d00000, 0x00000000eb100000)
  object space 44032K, 0% used [0x00000000c1200000,0x00000000c1202000,0x00000000c3d00000)
 Metaspace       used 2611K, capacity 4562K, committed 4864K, reserved 1056768K
  class space    used 286K, capacity 386K, committed 512K, reserved 1048576K
}
Event: 0.267 GC heap before
{Heap before GC invocations=3 (full 0):
 PSYoungGen      total 35328K, used 33216K [0x00000000eb100000, 0x00000000ed600000, 0x0000000100000000)
  eden space 32768K, 100% used [0x00000000eb100000,0x00000000ed100000,0x00000000ed100000)
  from space 2560K, 17% used [0x00000000ed380000,0x00000000ed3f0000,0x00000000ed600000)
  to   space 2560K, 0% used [0x00000000ed100000,0x00000000ed100000,0x00000000ed380000)
 ParOldGen       total 44032K, used 8K [0x00000000c1200000, 0x00000000c3d00000, 0x00000000eb100000)
  object space 44032K, 0% used [0x00000000c1200000,0x00000000c1202000,0x00000000c3d00000)
 Metaspace       used 2620K, capacity 4562K, committed 4864K, reserved 1056768K
  class space    used 286K, capacity 386K, committed 512K, reserved 1048576K
Event: 0.267 GC heap after
Heap after GC invocations=3 (full 0):
 PSYoungGen      total 35328K, used 432K [0x00000000eb100000, 0x00000000ef600000, 0x0000000100000000)
  eden space 32768K, 0% used [0x00000000eb100000,0x00000000eb100000,0x00000000ed100000)
  from space 2560K, 16% used [0x00000000ed100000,0x00000000ed16c010,0x00000000ed380000)
  to   space 2560K, 0% used [0x00000000ef380000,0x00000000ef380000,0x00000000ef600000)
 ParOldGen       total 44032K, used 16K [0x00000000c1200000, 0x00000000c3d00000, 0x00000000eb100000)
  object space 44032K, 0% used [0x00000000c1200000,0x00000000c1204000,0x00000000c3d00000)
 Metaspace       used 2620K, capacity 4562K, committed 4864K, reserved 1056768K
  class space    used 286K, capacity 386K, committed 512K, reserved 1048576K
}
Event: 0.286 GC heap before
{Heap before GC invocations=4 (full 0):
 PSYoungGen      total 35328K, used 33200K [0x00000000eb100000, 0x00000000ef600000, 0x0000000100000000)
  eden space 32768K, 100% used [0x00000000eb100000,0x00000000ed100000,0x00000000ed100000)
  from space 2560K, 16% used [0x00000000ed100000,0x00000000ed16c010,0x00000000ed380000)
  to   space 2560K, 0% used [0x00000000ef380000,0x00000000ef380000,0x00000000ef600000)
 ParOldGen       total 44032K, used 16K [0x00000000c1200000, 0x00000000c3d00000, 0x00000000eb100000)
  object space 44032K, 0% used [0x00000000c1200000,0x00000000c1204000,0x00000000c3d00000)
 Metaspace       used 2626K, capacity 4562K, committed 4864K, reserved 1056768K
  class space    used 286K, capacity 386K, committed 512K, reserved 1048576K
Event: 0.287 GC heap after
Heap after GC invocations=4 (full 0):
 PSYoungGen      total 68096K, used 400K [0x00000000eb100000, 0x00000000ef600000, 0x0000000100000000)
  eden space 65536K, 0% used [0x00000000eb100000,0x00000000eb100000,0x00000000ef100000)
  from space 2560K, 15% used [0x00000000ef380000,0x00000000ef3e4030,0x00000000ef600000)
  to   space 2560K, 0% used [0x00000000ef100000,0x00000000ef100000,0x00000000ef380000)
 ParOldGen       total 44032K, used 24K [0x00000000c1200000, 0x00000000c3d00000, 0x00000000eb100000)
  object space 44032K, 0% used [0x00000000c1200000,0x00000000c1206000,0x00000000c3d00000)
 Metaspace       used 2626K, capacity 4562K, committed 4864K, reserved 1056768K
  class space    used 286K, capacity 386K, committed 512K, reserved 1048576K
}
Event: 0.343 GC heap before
{Heap before GC invocations=5 (full 0):
 PSYoungGen      total 68096K, used 65936K [0x00000000eb100000, 0x00000000ef600000, 0x0000000100000000)
  eden space 65536K, 100% used [0x00000000eb100000,0x00000000ef100000,0x00000000ef100000)
  from space 2560K, 15% used [0x00000000ef380000,0x00000000ef3e4030,0x00000000ef600000)
  to   space 2560K, 0% used [0x00000000ef100000,0x00000000ef100000,0x00000000ef380000)
 ParOldGen       total 44032K, used 24K [0x00000000c1200000, 0x00000000c3d00000, 0x00000000eb100000)
  object space 44032K, 0% used [0x00000000c1200000,0x00000000c1206000,0x00000000c3d00000)
 Metaspace       used 2647K, capacity 4562K, committed 4864K, reserved 1056768K
  class space    used 287K, capacity 386K, committed 512K, reserved 1048576K
Event: 0.344 GC heap after
Heap after GC invocations=5 (full 0):
 PSYoungGen      total 68096K, used 448K [0x00000000eb100000, 0x00000000f3200000, 0x0000000100000000)
  eden space 65536K, 0% used [0x00000000eb100000,0x00000000eb100000,0x00000000ef100000)
  from space 2560K, 17% used [0x00000000ef100000,0x00000000ef170020,0x00000000ef380000)
  to   space 512K, 0% used [0x00000000f3180000,0x00000000f3180000,0x00000000f3200000)
 ParOldGen       total 44032K, used 24K [0x00000000c1200000, 0x00000000c3d00000, 0x00000000eb100000)
  object space 44032K, 0% used [0x00000000c1200000,0x00000000c1206000,0x00000000c3d00000)
 Metaspace       used 2647K, capacity 4562K, committed 4864K, reserved 1056768K
  class space    used 287K, capacity 386K, committed 512K, reserved 1048576K
}
Event: 0.432 GC heap before
{Heap before GC invocations=6 (full 0):
 PSYoungGen      total 68096K, used 65984K [0x00000000eb100000, 0x00000000f3200000, 0x0000000100000000)
  eden space 65536K, 100% used [0x00000000eb100000,0x00000000ef100000,0x00000000ef100000)
  from space 2560K, 17% used [0x00000000ef100000,0x00000000ef170020,0x00000000ef380000)
  to   space 512K, 0% used [0x00000000f3180000,0x00000000f3180000,0x00000000f3200000)
 ParOldGen       total 44032K, used 24K [0x00000000c1200000, 0x00000000c3d00000, 0x00000000eb100000)
  object space 44032K, 0% used [0x00000000c1200000,0x00000000c1206000,0x00000000c3d00000)
 Metaspace       used 3163K, capacity 4728K, committed 4864K, reserved 1056768K
  class space    used 338K, capacity 424K, committed 512K, reserved 1048576K
Event: 0.433 GC heap after
Heap after GC invocations=6 (full 0):
 PSYoungGen      total 131072K, used 512K [0x00000000eb100000, 0x00000000f3300000, 0x0000000100000000)
  eden space 130560K, 0% used [0x00000000eb100000,0x00000000eb100000,0x00000000f3080000)
  from space 512K, 100% used [0x00000000f3180000,0x00000000f3200000,0x00000000f3200000)
  to   space 1024K, 0% used [0x00000000f3080000,0x00000000f3080000,0x00000000f3180000)
 ParOldGen       total 44032K, used 206K [0x00000000c1200000, 0x00000000c3d00000, 0x00000000eb100000)
  object space 44032K, 0% used [0x00000000c1200000,0x00000000c1233bf0,0x00000000c3d00000)
 Metaspace       used 3163K, capacity 4728K, committed 4864K, reserved 1056768K
  class space    used 338K, capacity 424K, committed 512K, reserved 1048576K
}

