# JRE version: Java(TM) SE Runtime Environment (8.0_121-b13) (build 1.8.0_121-b13)
# Java VM: Java HotSpot(TM) 64-Bit Server VM (25.121-b13 mixed mode windows-amd64 compressed oops)
Heap:
 PSYoungGen      total 132096K, used 75804K [0x00000000eb100000, 0x00000000f3900000, 0x0000000100000000)
  eden space 129536K, 56% used [0x00000000eb100000,0x00000000ef8b6858,0x00000000f2f80000)
  from space 2560K, 92% used [0x00000000f3500000,0x00000000f37507b8,0x00000000f3780000)
  to   space 1536K, 0% used [0x00000000f3780000,0x00000000f3780000,0x00000000f3900000)
 ParOldGen       total 44032K, used 7064K [0x00000000c1200000, 0x00000000c3d00000, 0x00000000eb100000)
  object space 44032K, 16% used [0x00000000c1200000,0x00000000c18e62e0,0x00000000c3d00000)
 Metaspace       used 5477K, capacity 5640K, committed 5888K, reserved 1056768K
  class space    used 593K, capacity 666K, committed 768K, reserved 1048576K
GC Heap History (10 events):
Event: 3.922 GC heap before
{Heap before GC invocations=11 (full 0):
 PSYoungGen      total 56320K, used 54149K [0x00000000eb100000, 0x00000000eeb80000, 0x0000000100000000)
  eden space 52736K, 100% used [0x00000000eb100000,0x00000000ee480000,0x00000000ee480000)
  from space 3584K, 39% used [0x00000000ee800000,0x00000000ee9615e0,0x00000000eeb80000)
  to   space 3584K, 0% used [0x00000000ee480000,0x00000000ee480000,0x00000000ee800000)
 ParOldGen       total 44032K, used 3447K [0x00000000c1200000, 0x00000000c3d00000, 0x00000000eb100000)
  object space 44032K, 7% used [0x00000000c1200000,0x00000000c155df78,0x00000000c3d00000)
 Metaspace       used 3327K, capacity 4564K, committed 4864K, reserved 1056768K
  class space    used 348K, capacity 388K, committed 512K, reserved 1048576K
Event: 3.925 GC heap after
Heap after GC invocations=11 (full 0):
 PSYoungGen      total 56320K, used 665K [0x00000000eb100000, 0x00000000f0a80000, 0x0000000100000000)
  eden space 52736K, 0% used [0x00000000eb100000,0x00000000eb100000,0x00000000ee480000)
  from space 3584K, 18% used [0x00000000ee480000,0x00000000ee526520,0x00000000ee800000)
  to   space 3584K, 0% used [0x00000000f0700000,0x00000000f0700000,0x00000000f0a80000)
 ParOldGen       total 44032K, used 4808K [0x00000000c1200000, 0x00000000c3d00000, 0x00000000eb100000)
  object space 44032K, 10% used [0x00000000c1200000,0x00000000c16b22e0,0x00000000c3d00000)
 Metaspace       used 3327K, capacity 4564K, committed 4864K, reserved 1056768K
  class space    used 348K, capacity 388K, committed 512K, reserved 1048576K
}
Event: 4.342 GC heap before
{Heap before GC invocations=12 (full 0):
 PSYoungGen      total 56320K, used 53401K [0x00000000eb100000, 0x00000000f0a80000, 0x0000000100000000)
  eden space 52736K, 100% used [0x00000000eb100000,0x00000000ee480000,0x00000000ee480000)
  from space 3584K, 18% used [0x00000000ee480000,0x00000000ee526520,0x00000000ee800000)
  to   space 3584K, 0% used [0x00000000f0700000,0x00000000f0700000,0x00000000f0a80000)
 ParOldGen       total 44032K, used 4808K [0x00000000c1200000, 0x00000000c3d00000, 0x00000000eb100000)
  object space 44032K, 10% used [0x00000000c1200000,0x00000000c16b22e0,0x00000000c3d00000)
 Metaspace       used 3327K, capacity 4564K, committed 4864K, reserved 1056768K
  class space    used 348K, capacity 388K, committed 512K, reserved 1048576K
Event: 4.345 GC heap after
Heap after GC invocations=12 (full 0):
 PSYoungGen      total 88064K, used 789K [0x00000000eb100000, 0x00000000f0a80000, 0x0000000100000000)
  eden space 84480K, 0% used [0x00000000eb100000,0x00000000eb100000,0x00000000f0380000)
  from space 3584K, 22% used [0x00000000f0700000,0x00000000f07c57a0,0x00000000f0a80000)
  to   space 3584K, 0% used [0x00000000f0380000,0x00000000f0380000,0x00000000f0700000)
 ParOldGen       total 44032K, used 5248K [0x00000000c1200000, 0x00000000c3d00000, 0x00000000eb100000)
  object space 44032K, 11% used [0x00000000c1200000,0x00000000c17202e0,0x00000000c3d00000)
 Metaspace       used 3327K, capacity 4564K, committed 4864K, reserved 1056768K
  class space    used 348K, capacity 388K, committed 512K, reserved 1048576K
}
Event: 4.920 GC heap before
{Heap before GC invocations=13 (full 0):
 PSYoungGen      total 88064K, used 85269K [0x00000000eb100000, 0x00000000f0a80000, 0x0000000100000000)
  eden space 84480K, 100% used [0x00000000eb100000,0x00000000f0380000,0x00000000f0380000)
  from space 3584K, 22% used [0x00000000f0700000,0x00000000f07c57a0,0x00000000f0a80000)
  to   space 3584K, 0% used [0x00000000f0380000,0x00000000f0380000,0x00000000f0700000)
 ParOldGen       total 44032K, used 5248K [0x00000000c1200000, 0x00000000c3d00000, 0x00000000eb100000)
  object space 44032K, 11% used [0x00000000c1200000,0x00000000c17202e0,0x00000000c3d00000)
 Metaspace       used 3331K, capacity 4564K, committed 4864K, reserved 1056768K
  class space    used 348K, capacity 388K, committed 512K, reserved 1048576K
Event: 4.924 GC heap after
Heap after GC invocations=13 (full 0):
 PSYoungGen      total 88064K, used 1184K [0x00000000eb100000, 0x00000000f3c00000, 0x0000000100000000)
  eden space 84480K, 0% used [0x00000000eb100000,0x00000000eb100000,0x00000000f0380000)
  from space 3584K, 33% used [0x00000000f0380000,0x00000000f04a8368,0x00000000f0700000)
  to   space 3584K, 0% used [0x00000000f3880000,0x00000000f3880000,0x00000000f3c00000)
 ParOldGen       total 44032K, used 5688K [0x00000000c1200000, 0x00000000c3d00000, 0x00000000eb100000)
  object space 44032K, 12% used [0x00000000c1200000,0x00000000c178e2e0,0x00000000c3d00000)
 Metaspace       used 3331K, capacity 4564K, committed 4864K, reserved 1056768K
  class space    used 348K, capacity 388K, committed 512K, reserved 1048576K
}
Event: 5.681 GC heap before
{Heap before GC invocations=14 (full 0):
 PSYoungGen      total 88064K, used 85664K [0x00000000eb100000, 0x00000000f3c00000, 0x0000000100000000)
  eden space 84480K, 100% used [0x00000000eb100000,0x00000000f0380000,0x00000000f0380000)
  from space 3584K, 33% used [0x00000000f0380000,0x00000000f04a8368,0x00000000f0700000)
  to   space 3584K, 0% used [0x00000000f3880000,0x00000000f3880000,0x00000000f3c00000)
 ParOldGen       total 44032K, used 5688K [0x00000000c1200000, 0x00000000c3d00000, 0x00000000eb100000)
  object space 44032K, 12% used [0x00000000c1200000,0x00000000c178e2e0,0x00000000c3d00000)
 Metaspace       used 3331K, capacity 4564K, committed 4864K, reserved 1056768K
  class space    used 348K, capacity 388K, committed 512K, reserved 1048576K
Event: 5.686 GC heap after
Heap after GC invocations=14 (full 0):
 PSYoungGen      total 138752K, used 1329K [0x00000000eb100000, 0x00000000f3c00000, 0x0000000100000000)
  eden space 135168K, 0% used [0x00000000eb100000,0x00000000eb100000,0x00000000f3500000)
  from space 3584K, 37% used [0x00000000f3880000,0x00000000f39cc518,0x00000000f3c00000)
  to   space 3584K, 0% used [0x00000000f3500000,0x00000000f3500000,0x00000000f3880000)
 ParOldGen       total 44032K, used 6376K [0x00000000c1200000, 0x00000000c3d00000, 0x00000000eb100000)
  object space 44032K, 14% used [0x00000000c1200000,0x00000000c183a2e0,0x00000000c3d00000)
 Metaspace       used 3331K, capacity 4564K, committed 4864K, reserved 1056768K
  class space    used 348K, capacity 388K, committed 512K, reserved 1048576K
}
Event: 7.473 GC heap before
{Heap before GC invocations=15 (full 0):
 PSYoungGen      total 138752K, used 136497K [0x00000000eb100000, 0x00000000f3c00000, 0x0000000100000000)
  eden space 135168K, 100% used [0x00000000eb100000,0x00000000f3500000,0x00000000f3500000)
  from space 3584K, 37% used [0x00000000f3880000,0x00000000f39cc518,0x00000000f3c00000)
  to   space 3584K, 0% used [0x00000000f3500000,0x00000000f3500000,0x00000000f3880000)
 ParOldGen       total 44032K, used 6376K [0x00000000c1200000, 0x00000000c3d00000, 0x00000000eb100000)
  object space 44032K, 14% used [0x00000000c1200000,0x00000000c183a2e0,0x00000000c3d00000)
 Metaspace       used 3348K, capacity 4564K, committed 4864K, reserved 1056768K
  class space    used 348K, capacity 388K, committed 512K, reserved 1048576K
Event: 7.478 GC heap after
Heap after GC invocations=15 (full 0):
 PSYoungGen      total 132096K, used 2369K [0x00000000eb100000, 0x00000000f3900000, 0x0000000100000000)
  eden space 129536K, 0% used [0x00000000eb100000,0x00000000eb100000,0x00000000f2f80000)
  from space 2560K, 92% used [0x00000000f3500000,0x00000000f37507b8,0x00000000f3780000)
  to   space 1536K, 0% used [0x00000000f3780000,0x00000000f3780000,0x00000000f3900000)
 ParOldGen       total 44032K, used 7064K [0x00000000c1200000, 0x00000000c3d00000, 0x00000000eb100000)
  object space 44032K, 16% used [0x00000000c1200000,0x00000000c18e62e0,0x00000000c3d00000)
 Metaspace       used 3348K, capacity 4564K, committed 4864K, reserved 1056768K
  class space    used 348K, capacity 388K, committed 512K, reserved 1048576K
}

