# JRE version: Java(TM) SE Runtime Environment (8.0_121-b13) (build 1.8.0_121-b13)
# Java VM: Java HotSpot(TM) 64-Bit Server VM (25.121-b13 mixed mode windows-amd64 compressed oops)
Heap:
 PSYoungGen      total 138752K, used 130893K [0x00000000eb100000, 0x00000000f8d80000, 0x0000000100000000)
  eden space 135168K, 94% used [0x00000000eb100000,0x00000000f2d53b78,0x00000000f3500000)
  from space 3584K, 99% used [0x00000000f3500000,0x00000000f387f8f8,0x00000000f3880000)
  to   space 4608K, 0% used [0x00000000f8900000,0x00000000f8900000,0x00000000f8d80000)
 ParOldGen       total 44032K, used 9672K [0x00000000c1200000, 0x00000000c3d00000, 0x00000000eb100000)
  object space 44032K, 21% used [0x00000000c1200000,0x00000000c1b722e0,0x00000000c3d00000)
 Metaspace       used 5480K, capacity 5640K, committed 5888K, reserved 1056768K
  class space    used 593K, capacity 666K, committed 768K, reserved 1048576K
GC Heap History (10 events):
Event: 3.639 GC heap before
{Heap before GC invocations=11 (full 0):
 PSYoungGen      total 56320K, used 54291K [0x00000000eb100000, 0x00000000eeb80000, 0x0000000100000000)
  eden space 52736K, 100% used [0x00000000eb100000,0x00000000ee480000,0x00000000ee480000)
  from space 3584K, 43% used [0x00000000ee800000,0x00000000ee984cd8,0x00000000eeb80000)
  to   space 3584K, 0% used [0x00000000ee480000,0x00000000ee480000,0x00000000ee800000)
 ParOldGen       total 44032K, used 3439K [0x00000000c1200000, 0x00000000c3d00000, 0x00000000eb100000)
  object space 44032K, 7% used [0x00000000c1200000,0x00000000c155bf78,0x00000000c3d00000)
 Metaspace       used 3328K, capacity 4564K, committed 4864K, reserved 1056768K
  class space    used 349K, capacity 388K, committed 512K, reserved 1048576K
Event: 3.645 GC heap after
Heap after GC invocations=11 (full 0):
 PSYoungGen      total 56320K, used 1141K [0x00000000eb100000, 0x00000000f0a80000, 0x0000000100000000)
  eden space 52736K, 0% used [0x00000000eb100000,0x00000000eb100000,0x00000000ee480000)
  from space 3584K, 31% used [0x00000000ee480000,0x00000000ee59d7a0,0x00000000ee800000)
  to   space 3584K, 0% used [0x00000000f0700000,0x00000000f0700000,0x00000000f0a80000)
 ParOldGen       total 44032K, used 4896K [0x00000000c1200000, 0x00000000c3d00000, 0x00000000eb100000)
  object space 44032K, 11% used [0x00000000c1200000,0x00000000c16c82e0,0x00000000c3d00000)
 Metaspace       used 3328K, capacity 4564K, committed 4864K, reserved 1056768K
  class space    used 349K, capacity 388K, committed 512K, reserved 1048576K
}
Event: 3.964 GC heap before
{Heap before GC invocations=12 (full 0):
 PSYoungGen      total 56320K, used 53877K [0x00000000eb100000, 0x00000000f0a80000, 0x0000000100000000)
  eden space 52736K, 100% used [0x00000000eb100000,0x00000000ee480000,0x00000000ee480000)
  from space 3584K, 31% used [0x00000000ee480000,0x00000000ee59d7a0,0x00000000ee800000)
  to   space 3584K, 0% used [0x00000000f0700000,0x00000000f0700000,0x00000000f0a80000)
 ParOldGen       total 44032K, used 4896K [0x00000000c1200000, 0x00000000c3d00000, 0x00000000eb100000)
  object space 44032K, 11% used [0x00000000c1200000,0x00000000c16c82e0,0x00000000c3d00000)
 Metaspace       used 3328K, capacity 4564K, committed 4864K, reserved 1056768K
  class space    used 349K, capacity 388K, committed 512K, reserved 1048576K
Event: 3.969 GC heap after
Heap after GC invocations=12 (full 0):
 PSYoungGen      total 88064K, used 1457K [0x00000000eb100000, 0x00000000f0a80000, 0x0000000100000000)
  eden space 84480K, 0% used [0x00000000eb100000,0x00000000eb100000,0x00000000f0380000)
  from space 3584K, 40% used [0x00000000f0700000,0x00000000f086c518,0x00000000f0a80000)
  to   space 3584K, 0% used [0x00000000f0380000,0x00000000f0380000,0x00000000f0700000)
 ParOldGen       total 44032K, used 5704K [0x00000000c1200000, 0x00000000c3d00000, 0x00000000eb100000)
  object space 44032K, 12% used [0x00000000c1200000,0x00000000c17922e0,0x00000000c3d00000)
 Metaspace       used 3328K, capacity 4564K, committed 4864K, reserved 1056768K
  class space    used 349K, capacity 388K, committed 512K, reserved 1048576K
}
Event: 4.452 GC heap before
{Heap before GC invocations=13 (full 0):
 PSYoungGen      total 88064K, used 85937K [0x00000000eb100000, 0x00000000f0a80000, 0x0000000100000000)
  eden space 84480K, 100% used [0x00000000eb100000,0x00000000f0380000,0x00000000f0380000)
  from space 3584K, 40% used [0x00000000f0700000,0x00000000f086c518,0x00000000f0a80000)
  to   space 3584K, 0% used [0x00000000f0380000,0x00000000f0380000,0x00000000f0700000)
 ParOldGen       total 44032K, used 5704K [0x00000000c1200000, 0x00000000c3d00000, 0x00000000eb100000)
  object space 44032K, 12% used [0x00000000c1200000,0x00000000c17922e0,0x00000000c3d00000)
 Metaspace       used 3332K, capacity 4564K, committed 4864K, reserved 1056768K
  class space    used 349K, capacity 388K, committed 512K, reserved 1048576K
Event: 4.458 GC heap after
Heap after GC invocations=13 (full 0):
 PSYoungGen      total 88064K, used 2249K [0x00000000eb100000, 0x00000000f3c00000, 0x0000000100000000)
  eden space 84480K, 0% used [0x00000000eb100000,0x00000000eb100000,0x00000000f0380000)
  from space 3584K, 62% used [0x00000000f0380000,0x00000000f05b2798,0x00000000f0700000)
  to   space 3584K, 0% used [0x00000000f3880000,0x00000000f3880000,0x00000000f3c00000)
 ParOldGen       total 44032K, used 6512K [0x00000000c1200000, 0x00000000c3d00000, 0x00000000eb100000)
  object space 44032K, 14% used [0x00000000c1200000,0x00000000c185c2e0,0x00000000c3d00000)
 Metaspace       used 3332K, capacity 4564K, committed 4864K, reserved 1056768K
  class space    used 349K, capacity 388K, committed 512K, reserved 1048576K
}
Event: 5.053 GC heap before
{Heap before GC invocations=14 (full 0):
 PSYoungGen      total 88064K, used 86729K [0x00000000eb100000, 0x00000000f3c00000, 0x0000000100000000)
  eden space 84480K, 100% used [0x00000000eb100000,0x00000000f0380000,0x00000000f0380000)
  from space 3584K, 62% used [0x00000000f0380000,0x00000000f05b2798,0x00000000f0700000)
  to   space 3584K, 0% used [0x00000000f3880000,0x00000000f3880000,0x00000000f3c00000)
 ParOldGen       total 44032K, used 6512K [0x00000000c1200000, 0x00000000c3d00000, 0x00000000eb100000)
  object space 44032K, 14% used [0x00000000c1200000,0x00000000c185c2e0,0x00000000c3d00000)
 Metaspace       used 3332K, capacity 4564K, committed 4864K, reserved 1056768K
  class space    used 349K, capacity 388K, committed 512K, reserved 1048576K
Event: 5.060 GC heap after
Heap after GC invocations=14 (full 0):
 PSYoungGen      total 138752K, used 2750K [0x00000000eb100000, 0x00000000f3c00000, 0x0000000100000000)
  eden space 135168K, 0% used [0x00000000eb100000,0x00000000eb100000,0x00000000f3500000)
  from space 3584K, 76% used [0x00000000f3880000,0x00000000f3b2fb58,0x00000000f3c00000)
  to   space 3584K, 0% used [0x00000000f3500000,0x00000000f3500000,0x00000000f3880000)
 ParOldGen       total 44032K, used 7816K [0x00000000c1200000, 0x00000000c3d00000, 0x00000000eb100000)
  object space 44032K, 17% used [0x00000000c1200000,0x00000000c19a22e0,0x00000000c3d00000)
 Metaspace       used 3332K, capacity 4564K, committed 4864K, reserved 1056768K
  class space    used 349K, capacity 388K, committed 512K, reserved 1048576K
}
Event: 5.948 GC heap before
{Heap before GC invocations=15 (full 0):
 PSYoungGen      total 138752K, used 137918K [0x00000000eb100000, 0x00000000f3c00000, 0x0000000100000000)
  eden space 135168K, 100% used [0x00000000eb100000,0x00000000f3500000,0x00000000f3500000)
  from space 3584K, 76% used [0x00000000f3880000,0x00000000f3b2fb58,0x00000000f3c00000)
  to   space 3584K, 0% used [0x00000000f3500000,0x00000000f3500000,0x00000000f3880000)
 ParOldGen       total 44032K, used 7816K [0x00000000c1200000, 0x00000000c3d00000, 0x00000000eb100000)
  object space 44032K, 17% used [0x00000000c1200000,0x00000000c19a22e0,0x00000000c3d00000)
 Metaspace       used 3332K, capacity 4564K, committed 4864K, reserved 1056768K
  class space    used 349K, capacity 388K, committed 512K, reserved 1048576K
Event: 5.958 GC heap after
Heap after GC invocations=15 (full 0):
 PSYoungGen      total 138752K, used 3582K [0x00000000eb100000, 0x00000000f8d80000, 0x0000000100000000)
  eden space 135168K, 0% used [0x00000000eb100000,0x00000000eb100000,0x00000000f3500000)
  from space 3584K, 99% used [0x00000000f3500000,0x00000000f387f8f8,0x00000000f3880000)
  to   space 4608K, 0% used [0x00000000f8900000,0x00000000f8900000,0x00000000f8d80000)
 ParOldGen       total 44032K, used 9672K [0x00000000c1200000, 0x00000000c3d00000, 0x00000000eb100000)
  object space 44032K, 21% used [0x00000000c1200000,0x00000000c1b722e0,0x00000000c3d00000)
 Metaspace       used 3332K, capacity 4564K, committed 4864K, reserved 1056768K
  class space    used 349K, capacity 388K, committed 512K, reserved 1048576K
}

